<?xml version="1.0" encoding="UTF-8"?>
<!-- Generated by org.testng.reporters.JUnitReportReporter -->
<testsuite hostname="DESKTOP-1G3FS4U" name="com.marriott.runner.TestRun" tests="1" failures="0" timestamp="13 Sep 2021 07:01:49 GMT" time="29.226" errors="0">
  <testcase name="checkjwMarriott3" time="29.226" classname="com.marriott.runner.TestRun"/>
</testsuite> <!-- com.marriott.runner.TestRun -->
